<?xml version="1.0" encoding="UTF-8"?>
<!-- Generated by org.testng.reporters.JUnitXMLReporter -->
<testsuite ignored="0" hostname="8f03ae89828b51a" failures="0" tests="6" name="suite_example" time="0.096" errors="0" timestamp="2023-03-31T09:38:08 IST">
  <testcase classname="com.ust.test.NewTest" name="f" time="0.006"/>
  <testcase classname="com.ust.test.NewTest" name="a" time="0.001"/>
  <testcase classname="com.ust.test.NewTest2" name="f" time="0.001"/>
  <testcase classname="com.ust.test.NewTest2" name="a" time="0.002"/>
  <testcase classname="com.ust.test.NewTest3" name="f" time="0.002"/>
  <testcase classname="com.ust.test.NewTest3" name="a" time="0.001"/>
</testsuite> <!-- suite_example -->
