<?xml version="1.0" encoding="UTF-8"?>
<testng-results ignored="0" total="6" passed="6" failed="0" skipped="0">
  <reporter-output>
  </reporter-output>
  <suite started-at="2023-03-31T09:38:08 IST" name="mytestsuite" finished-at="2023-03-31T09:38:08 IST" duration-ms="96">
    <groups>
    </groups>
    <test started-at="2023-03-31T09:38:08 IST" name="suite_example" finished-at="2023-03-31T09:38:08 IST" duration-ms="96">
      <class name="com.ust.test.NewTest3">
        <test-method is-config="true" signature="beforeTest()[pri:0, instance:com.ust.test.NewTest3@3c22fc4c]" started-at="2023-03-31T09:38:08 IST" name="beforeTest" finished-at="2023-03-31T09:38:08 IST" duration-ms="0" status="PASS">
          <reporter-output>
          </reporter-output>
        </test-method> <!-- beforeTest -->
        <test-method signature="f()[pri:1, instance:com.ust.test.NewTest3@3c22fc4c]" started-at="2023-03-31T09:38:08 IST" name="f" description="this is first executing" finished-at="2023-03-31T09:38:08 IST" duration-ms="2" status="PASS">
          <reporter-output>
          </reporter-output>
        </test-method> <!-- f -->
        <test-method signature="a()[pri:2, instance:com.ust.test.NewTest3@3c22fc4c]" started-at="2023-03-31T09:38:08 IST" name="a" description="tests description" finished-at="2023-03-31T09:38:08 IST" duration-ms="1" status="PASS">
          <reporter-output>
          </reporter-output>
        </test-method> <!-- a -->
        <test-method is-config="true" signature="afterTest()[pri:0, instance:com.ust.test.NewTest3@3c22fc4c]" started-at="2023-03-31T09:38:08 IST" name="afterTest" finished-at="2023-03-31T09:38:08 IST" duration-ms="1" status="PASS">
          <reporter-output>
          </reporter-output>
        </test-method> <!-- afterTest -->
      </class> <!-- com.ust.test.NewTest3 -->
      <class name="com.ust.test.NewTest">
        <test-method is-config="true" signature="beforeTest()[pri:0, instance:com.ust.test.NewTest@4ddced80]" started-at="2023-03-31T09:38:08 IST" name="beforeTest" finished-at="2023-03-31T09:38:08 IST" duration-ms="11" status="PASS">
          <reporter-output>
          </reporter-output>
        </test-method> <!-- beforeTest -->
        <test-method signature="f()[pri:1, instance:com.ust.test.NewTest@4ddced80]" started-at="2023-03-31T09:38:08 IST" name="f" description="this is first executing" finished-at="2023-03-31T09:38:08 IST" duration-ms="6" status="PASS">
          <reporter-output>
          </reporter-output>
        </test-method> <!-- f -->
        <test-method signature="a()[pri:2, instance:com.ust.test.NewTest@4ddced80]" started-at="2023-03-31T09:38:08 IST" name="a" description="tests description" finished-at="2023-03-31T09:38:08 IST" duration-ms="1" status="PASS">
          <reporter-output>
          </reporter-output>
        </test-method> <!-- a -->
        <test-method is-config="true" signature="afterTest()[pri:0, instance:com.ust.test.NewTest@4ddced80]" started-at="2023-03-31T09:38:08 IST" name="afterTest" finished-at="2023-03-31T09:38:08 IST" duration-ms="2" status="PASS">
          <reporter-output>
          </reporter-output>
        </test-method> <!-- afterTest -->
      </class> <!-- com.ust.test.NewTest -->
      <class name="com.ust.test.NewTest2">
        <test-method is-config="true" signature="beforeTest()[pri:0, instance:com.ust.test.NewTest2@7f552bd3]" started-at="2023-03-31T09:38:08 IST" name="beforeTest" finished-at="2023-03-31T09:38:08 IST" duration-ms="0" status="PASS">
          <reporter-output>
          </reporter-output>
        </test-method> <!-- beforeTest -->
        <test-method signature="f()[pri:1, instance:com.ust.test.NewTest2@7f552bd3]" started-at="2023-03-31T09:38:08 IST" name="f" description="this is first executing" finished-at="2023-03-31T09:38:08 IST" duration-ms="1" status="PASS">
          <reporter-output>
          </reporter-output>
        </test-method> <!-- f -->
        <test-method signature="a()[pri:2, instance:com.ust.test.NewTest2@7f552bd3]" started-at="2023-03-31T09:38:08 IST" name="a" description="tests description" finished-at="2023-03-31T09:38:08 IST" duration-ms="2" status="PASS">
          <reporter-output>
          </reporter-output>
        </test-method> <!-- a -->
        <test-method is-config="true" signature="afterTest()[pri:0, instance:com.ust.test.NewTest2@7f552bd3]" started-at="2023-03-31T09:38:08 IST" name="afterTest" finished-at="2023-03-31T09:38:08 IST" duration-ms="1" status="PASS">
          <reporter-output>
          </reporter-output>
        </test-method> <!-- afterTest -->
      </class> <!-- com.ust.test.NewTest2 -->
    </test> <!-- suite_example -->
  </suite> <!-- mytestsuite -->
</testng-results>
